<?xml version="1.0" encoding="UTF-8"?>
<testng-results ignored="0" total="1" passed="1" failed="0" skipped="0">
  <reporter-output>
  </reporter-output>
  <suite started-at="2025-01-18T16:34:16Z" name="Default suite" finished-at="2025-01-18T16:34:18Z" duration-ms="2456">
    <groups>
    </groups>
    <test started-at="2025-01-18T16:34:16Z" name="Default test" finished-at="2025-01-18T16:34:18Z" duration-ms="2456">
      <class name="selenium.NewTest">
        <test-method signature="f()[pri:0, instance:selenium.NewTest@624ea235]" started-at="2025-01-18T12:34:16Z" name="f" finished-at="2025-01-18T12:34:18Z" duration-ms="2442" status="PASS">
          <reporter-output>
          </reporter-output>
        </test-method> <!-- f -->
      </class> <!-- selenium.NewTest -->
    </test> <!-- Default test -->
  </suite> <!-- Default suite -->
</testng-results>
